<?xml version="1.0" encoding="UTF-8"?>
<!-- Generated by org.testng.reporters.JUnitReportReporter -->
<testsuite name="Utils.DataProvider" tests="1" time="109.672" ignored="0" failures="0" timestamp="03 Aug 2017 19:40:49 GMT" skipped="0" hostname="TWFG-KS-Laptop" errors="0">
  <testcase name="getExcelData" time="109.672" classname="Utils.DataProvider"/>
</testsuite> <!-- Utils.DataProvider -->
