<?xml version="1.0" encoding="UTF-8"?>
<!-- Generated by org.testng.reporters.JUnitReportReporter -->
<testsuite name="Utils.Login" tests="1" time="15.583" ignored="0" failures="0" timestamp="02 Aug 2017 18:55:20 GMT" skipped="0" hostname="TWFG-KS-Laptop" errors="0">
  <testcase name="Login" time="15.583" classname="Utils.Login"/>
</testsuite> <!-- Utils.Login -->
