<?xml version="1.0" encoding="UTF-8"?>
<!-- Generated by org.testng.reporters.JUnitReportReporter -->
<testsuite name="Testcases.Createclient" tests="1" time="26.204" ignored="0" failures="0" timestamp="15 Aug 2017 13:12:13 GMT" skipped="0" hostname="TWFG-KS-Laptop" errors="0">
  <testcase name="createClient" time="26.204" classname="Testcases.Createclient"/>
</testsuite> <!-- Testcases.Createclient -->
