<?xml version="1.0" encoding="UTF-8"?>
<!-- Generated by org.testng.reporters.JUnitReportReporter -->
<testsuite name="Testcases.TestLogin" tests="3" time="7.349" ignored="0" failures="0" timestamp="07 Aug 2017 13:01:31 GMT" skipped="0" hostname="TWFG-KS-Laptop" errors="0">
  <testcase name="verifyvalidlogin" time="2.113" classname="Testcases.TestLogin"/>
  <testcase name="verifyvalidlogin" time="3.412" classname="Testcases.TestLogin"/>
  <testcase name="verifyvalidlogin" time="1.824" classname="Testcases.TestLogin"/>
</testsuite> <!-- Testcases.TestLogin -->
