<?xml version="1.0" encoding="UTF-8"?>
<!-- Generated by org.testng.reporters.JUnitReportReporter -->
<testsuite name="Testcases.Client" tests="1" time="11.386" ignored="0" failures="0" timestamp="16 Aug 2017 18:51:18 GMT" skipped="0" hostname="TWFG-KS-Laptop" errors="0">
  <testcase name="CreateClient" time="11.386" classname="Testcases.Client"/>
</testsuite> <!-- Testcases.Client -->
