<?xml version="1.0" encoding="UTF-8"?>
<!-- Generated by org.testng.reporters.JUnitReportReporter -->
<testsuite name="Testcases.Createclient" tests="1" time="27.701" ignored="0" failures="0" timestamp="08 Aug 2017 14:54:33 GMT" skipped="0" hostname="TWFG-KS-Laptop" errors="0">
  <testcase name="createClient" time="27.701" classname="Testcases.Createclient"/>
</testsuite> <!-- Testcases.Createclient -->
