<?xml version="1.0" encoding="UTF-8"?>
<!-- Generated by org.testng.reporters.JUnitReportReporter -->
<testsuite name="Testcases.NewTest" tests="1" time="14.828" ignored="0" failures="0" timestamp="02 Aug 2017 15:12:39 GMT" skipped="0" hostname="TWFG-KS-Laptop" errors="0">
  <testcase name="verifyvalidlogin" time="14.828" classname="Testcases.NewTest"/>
</testsuite> <!-- Testcases.NewTest -->
