<?xml version="1.0" encoding="UTF-8"?>
<!-- Generated by org.testng.reporters.JUnitReportReporter -->
<testsuite name="Testcases.verifyLogin" tests="1" time="7.488" ignored="0" failures="0" timestamp="07 Aug 2017 13:00:37 GMT" skipped="0" hostname="TWFG-KS-Laptop" errors="0">
  <testcase name="verifyvalidlogin" time="7.488" classname="Testcases.verifyLogin"/>
</testsuite> <!-- Testcases.verifyLogin -->
