<?xml version="1.0" encoding="UTF-8"?>
<!-- Generated by org.testng.reporters.JUnitReportReporter -->
<testsuite name="Utils.NewTest" tests="1" time="2.947" ignored="0" failures="0" timestamp="02 Aug 2017 20:45:34 GMT" skipped="0" hostname="TWFG-KS-Laptop" errors="0">
  <testcase name="WriteExcel" time="2.947" classname="Utils.NewTest"/>
</testsuite> <!-- Utils.NewTest -->
