<?xml version="1.0" encoding="UTF-8"?>
<!-- Generated by org.testng.reporters.JUnitReportReporter -->
<testsuite name="Testcases.Createclient" tests="1" time="92.196" ignored="0" failures="0" timestamp="27 Sep 2017 17:13:15 GMT" skipped="0" hostname="TWFG-KS-Laptop" errors="0">
  <testcase name="createClient" time="92.196" classname="Testcases.Createclient"/>
</testsuite> <!-- Testcases.Createclient -->
