<?xml version="1.0" encoding="UTF-8"?>
<!-- Generated by org.testng.reporters.JUnitReportReporter -->
<testsuite name="Utils.Login2" tests="2" time="13.599" ignored="0" failures="0" timestamp="04 Aug 2017 14:56:22 GMT" skipped="0" hostname="TWFG-KS-Laptop" errors="0">
  <testcase name="Login2" time="7.343" classname="Utils.Login2"/>
  <testcase name="Login2" time="6.256" classname="Utils.Login2"/>
</testsuite> <!-- Utils.Login2 -->
